Using pre-set license
Built from '2020.3/staging' branch; Version is '2020.3.11f1 (99c7afb366b3) revision 10078127'; Using compiler version '192528614'; Build Type 'Release'
OS: 'Windows 10 Home; OS build 19042.985; Version 2009; 64bit' Language: 'en' Physical Memory: 16277 MB
BatchMode: 1, IsHumanControllingUs: 0, StartBugReporterOnCrash: 0, Is64bit: 1, IsPro: 0

 COMMAND LINE ARGUMENTS:
C:\Program Files\Unity\Hub\Editor\2020.3.11f1\Editor\Unity.exe
-adb2
-batchMode
-noUpm
-name
AssetImportWorker0
-projectPath
C:/Users/orsid/Documents/GitHub/3D-MineSweeper/2D MineSweeper
-logFile
Logs/AssetImportWorker0.log
-srvPort
57862
Successfully changed project path to: C:/Users/orsid/Documents/GitHub/3D-MineSweeper/2D MineSweeper
C:/Users/orsid/Documents/GitHub/3D-MineSweeper/2D MineSweeper
Using Asset Import Pipeline V2.
Refreshing native plugins compatible for Editor in 51.28 ms, found 3 plugins.
Preloading 0 native plugins for Editor in 0.00 ms.
Initialize engine version: 2020.3.11f1 (99c7afb366b3)
[Subsystems] Discovering subsystems at path C:/Program Files/Unity/Hub/Editor/2020.3.11f1/Editor/Data/Resources/UnitySubsystems
[Subsystems] Discovering subsystems at path C:/Users/orsid/Documents/GitHub/3D-MineSweeper/2D MineSweeper/Assets
GfxDevice: creating device client; threaded=0
Direct3D:
    Version:  Direct3D 11.0 [level 11.1]
    Renderer: NVIDIA GeForce GTX 1660 (ID=0x2184)
    Vendor:   
    VRAM:     5991 MB
    Driver:   27.21.14.6611
Initialize mono
Mono path[0] = 'C:/Program Files/Unity/Hub/Editor/2020.3.11f1/Editor/Data/Managed'
Mono path[1] = 'C:/Program Files/Unity/Hub/Editor/2020.3.11f1/Editor/Data/MonoBleedingEdge/lib/mono/unityjit'
Mono config path = 'C:/Program Files/Unity/Hub/Editor/2020.3.11f1/Editor/Data/MonoBleedingEdge/etc'
Using monoOptions --debugger-agent=transport=dt_socket,embedding=1,server=y,suspend=n,address=127.0.0.1:56012
Begin MonoManager ReloadAssembly
Registering precompiled unity dll's ...
Register platform support module: C:/Program Files/Unity/Hub/Editor/2020.3.11f1/Editor/Data/PlaybackEngines/WindowsStandaloneSupport/UnityEditor.WindowsStandalone.Extensions.dll
Registered in 0.002903 seconds.
Native extension for WindowsStandalone target not found
Refreshing native plugins compatible for Editor in 48.18 ms, found 3 plugins.
Preloading 0 native plugins for Editor in 0.00 ms.
Mono: successfully reloaded assembly
- Completed reload, in  1.414 seconds
Platform modules already initialized, skipping
Registering precompiled user dll's ...
Registered in 0.005861 seconds.
Begin MonoManager ReloadAssembly
Native extension for WindowsStandalone target not found
Refreshing native plugins compatible for Editor in 49.60 ms, found 3 plugins.
Preloading 0 native plugins for Editor in 0.00 ms.
Mono: successfully reloaded assembly
- Completed reload, in  1.336 seconds
Platform modules already initialized, skipping
========================================================================
Worker process is ready to serve import requests
Launched and connected shader compiler UnityShaderCompiler.exe after 0.05 seconds
Refreshing native plugins compatible for Editor in 0.49 ms, found 3 plugins.
Preloading 0 native plugins for Editor in 0.00 ms.
Unloading 2082 Unused Serialized files (Serialized files now loaded: 0)
System memory in use before: 92.9 MB.
System memory in use after: 92.9 MB.

Unloading 33 unused Assets to reduce memory usage. Loaded Objects now: 2515.
Total: 2.549900 ms (FindLiveObjects: 0.237500 ms CreateObjectMapping: 0.055600 ms MarkObjects: 2.112500 ms  DeleteObjects: 0.143000 ms)

========================================================================
Received Import Request.
  path: Assets/Testing.cs
  artifactKey: Guid(9535b2a32fdf76843830dea0f906da36) Importer(815301076,1909f56bfc062723c751e8b465ee728b)
Start importing Assets/Testing.cs using Guid(9535b2a32fdf76843830dea0f906da36) Importer(815301076,1909f56bfc062723c751e8b465ee728b)  -> (artifact id: 'c22c2af7ec056007f0c1fb6590bab640') in 0.035408 seconds
  Import took 0.039095 seconds .

========================================================================
Received Import Request.
  Time since last request: 0.004284 seconds.
  path: Assets/Testing.cs
  artifactKey: Guid(9535b2a32fdf76843830dea0f906da36) Importer(815301076,1909f56bfc062723c751e8b465ee728b)
Start importing Assets/Testing.cs using Guid(9535b2a32fdf76843830dea0f906da36) Importer(815301076,1909f56bfc062723c751e8b465ee728b)  -> (artifact id: 'c22c2af7ec056007f0c1fb6590bab640') in 0.003036 seconds
  Import took 0.006375 seconds .

========================================================================
Received Import Request.
  Time since last request: 70.108131 seconds.
  path: Assets/Testing.cs
  artifactKey: Guid(9535b2a32fdf76843830dea0f906da36) Importer(815301076,1909f56bfc062723c751e8b465ee728b)
Start importing Assets/Testing.cs using Guid(9535b2a32fdf76843830dea0f906da36) Importer(815301076,1909f56bfc062723c751e8b465ee728b)  -> (artifact id: '1a6619ef161ab7e0c6108c3c1a751bc8') in 0.003777 seconds
  Import took 0.007431 seconds .

========================================================================
Received Import Request.
  Time since last request: 147.239250 seconds.
  path: Assets/MineGrid.cs
  artifactKey: Guid(90698213f4031434ba7361fffbfaf4c4) Importer(815301076,1909f56bfc062723c751e8b465ee728b)
Start importing Assets/MineGrid.cs using Guid(90698213f4031434ba7361fffbfaf4c4) Importer(815301076,1909f56bfc062723c751e8b465ee728b)  -> (artifact id: 'fb07fe7e008c7a5e8577b9f75e06e7de') in 0.007287 seconds
  Import took 0.010817 seconds .

========================================================================
Received Import Request.
  Time since last request: 0.000984 seconds.
  path: Assets/MineGrid.cs
  artifactKey: Guid(90698213f4031434ba7361fffbfaf4c4) Importer(815301076,1909f56bfc062723c751e8b465ee728b)
Start importing Assets/MineGrid.cs using Guid(90698213f4031434ba7361fffbfaf4c4) Importer(815301076,1909f56bfc062723c751e8b465ee728b)  -> (artifact id: 'fb07fe7e008c7a5e8577b9f75e06e7de') in 0.003044 seconds
  Import took 0.006329 seconds .

========================================================================
Received Import Request.
  Time since last request: 3.693553 seconds.
  path: Assets/Grid.cs
  artifactKey: Guid(90698213f4031434ba7361fffbfaf4c4) Importer(815301076,1909f56bfc062723c751e8b465ee728b)
Start importing Assets/Grid.cs using Guid(90698213f4031434ba7361fffbfaf4c4) Importer(815301076,1909f56bfc062723c751e8b465ee728b)  -> (artifact id: '3a7119fc670535969425d371784fda67') in 0.009144 seconds
  Import took 0.012652 seconds .

========================================================================
Received Import Request.
  Time since last request: 190.983713 seconds.
  path: Assets/MineGrid.cs
  artifactKey: Guid(9ca0c93d91d54b247908dc519bd087c3) Importer(815301076,1909f56bfc062723c751e8b465ee728b)
Start importing Assets/MineGrid.cs using Guid(9ca0c93d91d54b247908dc519bd087c3) Importer(815301076,1909f56bfc062723c751e8b465ee728b)  -> (artifact id: '23f6098566c2b3beacb0fdada8da88fb') in 0.003189 seconds
  Import took 0.006749 seconds .

========================================================================
Received Import Request.
  Time since last request: 0.000414 seconds.
  path: Assets/MineGrid.cs
  artifactKey: Guid(9ca0c93d91d54b247908dc519bd087c3) Importer(815301076,1909f56bfc062723c751e8b465ee728b)
Start importing Assets/MineGrid.cs using Guid(9ca0c93d91d54b247908dc519bd087c3) Importer(815301076,1909f56bfc062723c751e8b465ee728b)  -> (artifact id: '23f6098566c2b3beacb0fdada8da88fb') in 0.003190 seconds
  Import took 0.006653 seconds .

========================================================================
Received Import Request.
  Time since last request: 26.869479 seconds.
  path: Assets/NewBehaviourScript.cs
  artifactKey: Guid(13be8e84ed9d18740bf54e34b44140e4) Importer(815301076,1909f56bfc062723c751e8b465ee728b)
Start importing Assets/NewBehaviourScript.cs using Guid(13be8e84ed9d18740bf54e34b44140e4) Importer(815301076,1909f56bfc062723c751e8b465ee728b)  -> (artifact id: '34597a7553ccb5d8fe167d6e06eabcd6') in 0.008559 seconds
  Import took 0.011992 seconds .

========================================================================
Received Import Request.
  Time since last request: 10.347547 seconds.
  path: Assets/Grid.cs
  artifactKey: Guid(90698213f4031434ba7361fffbfaf4c4) Importer(815301076,1909f56bfc062723c751e8b465ee728b)
Start importing Assets/Grid.cs using Guid(90698213f4031434ba7361fffbfaf4c4) Importer(815301076,1909f56bfc062723c751e8b465ee728b)  -> (artifact id: '659c8fe1ada207c468b54e0c4a541f2e') in 0.003233 seconds
  Import took 0.006714 seconds .

========================================================================
Received Prepare
Registering precompiled user dll's ...
Registered in 0.005642 seconds.
Begin MonoManager ReloadAssembly
Native extension for WindowsStandalone target not found
Refreshing native plugins compatible for Editor in 0.50 ms, found 3 plugins.
Preloading 0 native plugins for Editor in 0.00 ms.
Mono: successfully reloaded assembly
- Completed reload, in  1.179 seconds
Platform modules already initialized, skipping
Refreshing native plugins compatible for Editor in 0.50 ms, found 3 plugins.
Preloading 0 native plugins for Editor in 0.00 ms.
Unloading 2077 Unused Serialized files (Serialized files now loaded: 0)
System memory in use before: 92.9 MB.
System memory in use after: 92.8 MB.

Unloading 21 unused Assets to reduce memory usage. Loaded Objects now: 2519.
Total: 2.431700 ms (FindLiveObjects: 0.212800 ms CreateObjectMapping: 0.058200 ms MarkObjects: 2.043500 ms  DeleteObjects: 0.115800 ms)

========================================================================
Received Import Request.
  Time since last request: 82.347266 seconds.
  path: Assets/Grid.cs
  artifactKey: Guid(90698213f4031434ba7361fffbfaf4c4) Importer(815301076,1909f56bfc062723c751e8b465ee728b)
Start importing Assets/Grid.cs using Guid(90698213f4031434ba7361fffbfaf4c4) Importer(815301076,1909f56bfc062723c751e8b465ee728b)  -> (artifact id: '0793fda820591b08396f71c870e4b6b2') in 0.006615 seconds
  Import took 0.010240 seconds .

========================================================================
Received Prepare
Registering precompiled user dll's ...
Registered in 0.005980 seconds.
Begin MonoManager ReloadAssembly
Native extension for WindowsStandalone target not found
Refreshing native plugins compatible for Editor in 0.51 ms, found 3 plugins.
Preloading 0 native plugins for Editor in 0.00 ms.
Mono: successfully reloaded assembly
- Completed reload, in  1.162 seconds
Platform modules already initialized, skipping
Refreshing native plugins compatible for Editor in 0.51 ms, found 3 plugins.
Preloading 0 native plugins for Editor in 0.00 ms.
Unloading 2077 Unused Serialized files (Serialized files now loaded: 0)
System memory in use before: 92.9 MB.
System memory in use after: 92.9 MB.

Unloading 21 unused Assets to reduce memory usage. Loaded Objects now: 2523.
Total: 2.468100 ms (FindLiveObjects: 0.235000 ms CreateObjectMapping: 0.054100 ms MarkObjects: 2.061300 ms  DeleteObjects: 0.116300 ms)

========================================================================
Received Import Request.
  Time since last request: 27.889253 seconds.
  path: Assets/Grid.cs
  artifactKey: Guid(90698213f4031434ba7361fffbfaf4c4) Importer(815301076,1909f56bfc062723c751e8b465ee728b)
Start importing Assets/Grid.cs using Guid(90698213f4031434ba7361fffbfaf4c4) Importer(815301076,1909f56bfc062723c751e8b465ee728b)  -> (artifact id: '27a05a5abf9fc7535d8ac5739d4fb490') in 0.006489 seconds
  Import took 0.009803 seconds .

AssetImportWorkerClient::OnTransportError - code=2 error=End of file
